<?xml version="1.0" encoding="UTF-8"?>
<testng-results ignored="0" total="1" passed="1" failed="0" skipped="0">
  <reporter-output>
  </reporter-output>
  <suite started-at="2022-11-23T12:03:41 EST" name="SauceLab" finished-at="2022-11-23T12:04:11 EST" duration-ms="29974">
    <groups>
    </groups>
    <test started-at="2022-11-23T12:03:41 EST" name="CredentialsVerificationTest" finished-at="2022-11-23T12:04:11 EST" duration-ms="29974">
      <class name="product.SL_Credentials_Verification">
        <test-method signature="SL_Users()[pri:0, instance:product.SL_Credentials_Verification@5a2d131d]" started-at="2022-11-23T12:03:41 EST" name="SL_Users" finished-at="2022-11-23T12:04:11 EST" duration-ms="29825" status="PASS">
          <reporter-output>
          </reporter-output>
        </test-method> <!-- SL_Users -->
      </class> <!-- product.SL_Credentials_Verification -->
    </test> <!-- CredentialsVerificationTest -->
  </suite> <!-- SauceLab -->
</testng-results>
