<?xml version="1.0" encoding="UTF-8"?>
<!-- Generated by org.testng.reporters.JUnitXMLReporter -->
<testsuite ignored="0" hostname="DESKTOP-CVRSUS7" failures="0" tests="3" name="ErrorValidationTest" time="14.423" errors="0" timestamp="2022-11-16T10:02:35 EST">
  <testcase classname="product.SL_ErrorValidations" name="SL_Password_Missing" time="3.477"/>
  <testcase classname="product.SL_ErrorValidations" name="SL_Username_MIssing" time="3.399"/>
  <testcase classname="product.SL_ErrorValidations" name="SL_Wrong_Credentials" time="7.498"/>
</testsuite> <!-- ErrorValidationTest -->
