<?xml version="1.0" encoding="UTF-8"?>
<!-- Generated by org.testng.reporters.JUnitXMLReporter -->
<testsuite ignored="0" hostname="DESKTOP-CVRSUS7" failures="0" tests="3" name="ErrorValidationTest" time="18.927" errors="0" timestamp="2022-11-23T12:02:40 EST">
  <testcase classname="product.SL_ErrorValidations" name="SL_Password_Missing" time="10.634"/>
  <testcase classname="product.SL_ErrorValidations" name="SL_Username_MIssing" time="4.069"/>
  <testcase classname="product.SL_ErrorValidations" name="SL_Wrong_Credentials" time="4.044"/>
</testsuite> <!-- ErrorValidationTest -->
