<?xml version="1.0" encoding="UTF-8"?>
<testng-results ignored="0" total="1" passed="1" failed="0" skipped="0">
  <reporter-output>
  </reporter-output>
  <suite started-at="2022-11-17T18:06:57 EST" name="SauceLab" finished-at="2022-11-17T18:07:17 EST" duration-ms="20508">
    <groups>
    </groups>
    <test started-at="2022-11-17T18:06:57 EST" name="PurchaseOrderTest" finished-at="2022-11-17T18:07:17 EST" duration-ms="20508">
      <class name="product.SauceLabs">
        <test-method signature="PurchaseOrder()[pri:0, instance:product.SauceLabs@1e097d59]" started-at="2022-11-17T18:06:57 EST" name="PurchaseOrder" finished-at="2022-11-17T18:07:17 EST" duration-ms="20245" status="PASS">
          <reporter-output>
          </reporter-output>
        </test-method> <!-- PurchaseOrder -->
      </class> <!-- product.SauceLabs -->
    </test> <!-- PurchaseOrderTest -->
  </suite> <!-- SauceLab -->
</testng-results>
